<?xml version="1.0" encoding="UTF-8"?>
<testsuite name="com.cine.reservas.controller.ReservaControllerTest" tests="7" skipped="0" failures="0" errors="0" timestamp="2026-06-23T03:12:47.115Z" hostname="TOMAS" time="19.228">
  <properties/>
  <testcase name="testConfirmar()" classname="com.cine.reservas.controller.ReservaControllerTest" time="0.482"/>
  <testcase name="testGuardar()" classname="com.cine.reservas.controller.ReservaControllerTest" time="0.015"/>
  <testcase name="testObtenerPorId()" classname="com.cine.reservas.controller.ReservaControllerTest" time="0.011"/>
  <testcase name="testObtenerTodas()" classname="com.cine.reservas.controller.ReservaControllerTest" time="0.012"/>
  <testcase name="testCancelar()" classname="com.cine.reservas.controller.ReservaControllerTest" time="0.011"/>
  <testcase name="testEliminar()" classname="com.cine.reservas.controller.ReservaControllerTest" time="0.014"/>
  <testcase name="testObtenerPorId_NotFound()" classname="com.cine.reservas.controller.ReservaControllerTest" time="0.01"/>
  <system-out><![CDATA[23:12:47.598 [Test worker] INFO org.springframework.test.context.support.AnnotationConfigContextLoaderUtils -- Could not detect default configuration classes for test class [com.cine.reservas.controller.ReservaControllerTest]: ReservaControllerTest does not declare any static, non-private, non-final, nested classes annotated with @Configuration.
23:12:47.997 [Test worker] INFO org.springframework.boot.test.context.SpringBootTestContextBootstrapper -- Found @SpringBootConfiguration com.cine.reservas.ReservasApplication for test class com.cine.reservas.controller.ReservaControllerTest
23:12:48.204 [Test worker] INFO org.springframework.test.context.support.AnnotationConfigContextLoaderUtils -- Could not detect default configuration classes for test class [com.cine.reservas.controller.ReservaControllerTest]: ReservaControllerTest does not declare any static, non-private, non-final, nested classes annotated with @Configuration.
23:12:48.209 [Test worker] INFO org.springframework.boot.test.context.SpringBootTestContextBootstrapper -- Found @SpringBootConfiguration com.cine.reservas.ReservasApplication for test class com.cine.reservas.controller.ReservaControllerTest

  .   ____          _            __ _ _
 /\\ / ___'_ __ _ _(_)_ __  __ _ \ \ \ \
( ( )\___ | '_ | '_| | '_ \/ _` | \ \ \ \
 \\/  ___)| |_)| | | | | || (_| |  ) ) ) )
  '  |____| .__|_| |_|_| |_\__, | / / / /
 =========|_|==============|___/=/_/_/_/

 :: Spring Boot ::                (v4.0.6)

2026-06-22T23:12:49.587-04:00  INFO 16232 --- [reservas] [    Test worker] c.c.r.controller.ReservaControllerTest   : Starting ReservaControllerTest using Java 21.0.11 with PID 16232 (started by tomas in C:\Users\tomas\OneDrive\Desktop\reservas\reservas)
2026-06-22T23:12:49.590-04:00 DEBUG 16232 --- [reservas] [    Test worker] c.c.r.controller.ReservaControllerTest   : Running with Spring Boot v4.0.6, Spring v7.0.7
2026-06-22T23:12:49.592-04:00  INFO 16232 --- [reservas] [    Test worker] c.c.r.controller.ReservaControllerTest   : The following 1 profile is active: "test"
2026-06-22T23:12:51.838-04:00  INFO 16232 --- [reservas] [    Test worker] .s.d.r.c.RepositoryConfigurationDelegate : Bootstrapping Spring Data JPA repositories in DEFAULT mode.
2026-06-22T23:12:52.217-04:00  INFO 16232 --- [reservas] [    Test worker] .s.d.r.c.RepositoryConfigurationDelegate : Finished Spring Data repository scanning in 352 ms. Found 1 JPA repository interface.
2026-06-22T23:12:52.760-04:00  INFO 16232 --- [reservas] [    Test worker] o.s.cloud.context.scope.GenericScope     : BeanFactory id=7555b67f-00a0-3298-9c81-de2f0a423e07
2026-06-22T23:12:57.236-04:00  INFO 16232 --- [reservas] [    Test worker] com.zaxxer.hikari.HikariDataSource       : HikariPool-1 - Starting...
2026-06-22T23:12:57.791-04:00  INFO 16232 --- [reservas] [    Test worker] com.zaxxer.hikari.pool.HikariPool        : HikariPool-1 - Added connection com.mysql.cj.jdbc.ConnectionImpl@3976910
2026-06-22T23:12:57.796-04:00  INFO 16232 --- [reservas] [    Test worker] com.zaxxer.hikari.HikariDataSource       : HikariPool-1 - Start completed.
2026-06-22T23:12:57.920-04:00  INFO 16232 --- [reservas] [    Test worker] org.flywaydb.core.FlywayExecutor         : Database: jdbc:mysql://localhost:3306/reservas_db?useSSL=false&serverTimezone=UTC (MySQL 8.4)
2026-06-22T23:12:57.961-04:00  WARN 16232 --- [reservas] [    Test worker] o.f.c.internal.database.base.Database    : Using MySQL 8.4 which is newer than the version Flyway has been verified with. The latest verified version of MySQL is 8.1.
2026-06-22T23:12:58.131-04:00  INFO 16232 --- [reservas] [    Test worker] o.f.core.internal.command.DbValidate     : Successfully validated 1 migration (execution time 00:00.103s)
2026-06-22T23:12:58.178-04:00  INFO 16232 --- [reservas] [    Test worker] o.f.core.internal.command.DbMigrate      : Current version of schema `reservas_db`: 1
2026-06-22T23:12:58.188-04:00  INFO 16232 --- [reservas] [    Test worker] o.f.core.internal.command.DbMigrate      : Schema `reservas_db` is up to date. No migration necessary.
2026-06-22T23:12:58.995-04:00  INFO 16232 --- [reservas] [    Test worker] org.hibernate.orm.jpa                    : HHH008540: Processing PersistenceUnitInfo [name: default]
2026-06-22T23:12:59.350-04:00  INFO 16232 --- [reservas] [    Test worker] org.hibernate.orm.core                   : HHH000001: Hibernate ORM core version 7.2.12.Final
2026-06-22T23:13:00.657-04:00  INFO 16232 --- [reservas] [    Test worker] o.s.o.j.p.SpringPersistenceUnitInfo      : No LoadTimeWeaver setup: ignoring JPA class transformer
2026-06-22T23:13:00.896-04:00  INFO 16232 --- [reservas] [    Test worker] org.hibernate.orm.connections.pooling    : HHH10001005: Database info:
	Database JDBC URL [jdbc:mysql://localhost:3306/reservas_db?useSSL=false&serverTimezone=UTC]
	Database driver: MySQL Connector/J
	Database dialect: MySQLDialect
	Database version: 8.4.3
	Default catalog/schema: reservas_db/undefined
	Autocommit mode: undefined/unknown
	Isolation level: REPEATABLE_READ [default REPEATABLE_READ]
	JDBC fetch size: none
	Pool: DataSourceConnectionProvider
	Minimum pool size: undefined/unknown
	Maximum pool size: undefined/unknown
2026-06-22T23:13:02.557-04:00  INFO 16232 --- [reservas] [    Test worker] org.hibernate.orm.core                   : HHH000489: No JTA platform available (set 'hibernate.transaction.jta.platform' to enable JTA platform integration)
2026-06-22T23:13:02.673-04:00  INFO 16232 --- [reservas] [    Test worker] j.LocalContainerEntityManagerFactoryBean : Initialized JPA EntityManagerFactory for persistence unit 'default'
2026-06-22T23:13:03.446-04:00  WARN 16232 --- [reservas] [    Test worker] JpaBaseConfiguration$JpaWebConfiguration : spring.jpa.open-in-view is enabled by default. Therefore, database queries may be performed during view rendering. Explicitly configure spring.jpa.open-in-view to disable this warning
2026-06-22T23:13:04.814-04:00  INFO 16232 --- [reservas] [    Test worker] o.s.d.j.r.query.QueryEnhancerFactories   : Hibernate is in classpath; If applicable, HQL parser will be used.
2026-06-22T23:13:05.719-04:00  INFO 16232 --- [reservas] [    Test worker] c.c.r.controller.ReservaControllerTest   : Started ReservaControllerTest in 17.077 seconds (process running for 21.13)
]]></system-out>
  <system-err><![CDATA[Mockito is currently self-attaching to enable the inline-mock-maker. This will no longer work in future releases of the JDK. Please add Mockito as an agent to your build as described in Mockito's documentation: https://javadoc.io/doc/org.mockito/mockito-core/latest/org.mockito/org/mockito/Mockito.html#0.3
WARNING: A Java agent has been loaded dynamically (C:\Users\tomas\.gradle\caches\modules-2\files-2.1\net.bytebuddy\byte-buddy-agent\1.17.8\f09415827a71be7ed621c7bd02550678f28bc81c\byte-buddy-agent-1.17.8.jar)
WARNING: If a serviceability tool is in use, please run with -XX:+EnableDynamicAgentLoading to hide this warning
WARNING: If a serviceability tool is not in use, please run with -Djdk.instrument.traceUsage for more information
WARNING: Dynamic loading of agents will be disallowed by default in a future release
]]></system-err>
</testsuite>
